e:\demo\raytracing\raytracing\debug\vc141.pdb
e:\demo\raytracing\raytracing\debug\vc141.idb
e:\demo\raytracing\raytracing\debug\tool.obj
e:\demo\raytracing\raytracing\debug\camera.obj
e:\demo\raytracing\raytracing\debug\material.obj
e:\demo\raytracing\raytracing\debug\raytracing.obj
e:\demo\raytracing\raytracing\debug\hittable.obj
e:\demo\raytracing\raytracing\debug\aabb.obj
e:\demo\raytracing\raytracing\debug\texture.obj
e:\demo\raytracing\raytracing\debug\perlin.obj
e:\demo\raytracing\debug\raytracing.exe
e:\demo\raytracing\debug\raytracing.ilk
e:\demo\raytracing\debug\raytracing.pdb
e:\demo\raytracing\raytracing\debug\raytracing.obj.enc
e:\demo\raytracing\raytracing\debug\raytracing.tlog\cl.command.1.tlog
e:\demo\raytracing\raytracing\debug\raytracing.tlog\cl.read.1.tlog
e:\demo\raytracing\raytracing\debug\raytracing.tlog\cl.write.1.tlog
e:\demo\raytracing\raytracing\debug\raytracing.tlog\link.command.1.tlog
e:\demo\raytracing\raytracing\debug\raytracing.tlog\link.read.1.tlog
e:\demo\raytracing\raytracing\debug\raytracing.tlog\link.write.1.tlog
